<?xml version="1.0" encoding="UTF-8"?>
<!-- Generated by org.testng.reporters.JUnitReportReporter -->
<testsuite hostname="USER-PC" failures="0" tests="1" name="tests.LoginTest" time="30.113" errors="0" timestamp="2022-02-01T23:03:06 EST" skipped="0">
  <testcase classname="tests.LoginTest" name="validateRepo" time="30.113"/>
  <system-out/>
</testsuite> <!-- tests.LoginTest -->
