<?xml version="1.0" encoding="UTF-8"?>
<!-- Generated by org.testng.reporters.JUnitReportReporter -->
<testsuite hostname="USER-PC" failures="0" tests="1" name="tests.MainpageTest" time="29.773" errors="0" timestamp="2022-02-01T23:07:42 EST" skipped="0">
  <testcase classname="tests.MainpageTest" name="validateRepo" time="29.773"/>
  <system-out/>
</testsuite> <!-- tests.MainpageTest -->
